<?xml version="1.0" encoding="UTF-8"?>
<testsuite xmlns:xsi="http://www.w3.org/2001/XMLSchema-instance" xsi:noNamespaceSchemaLocation="https://maven.apache.org/surefire/maven-surefire-plugin/xsd/surefire-test-report.xsd" version="3.0.2" name="persistence.NetworkFileValidationTest" time="0.09" tests="8" errors="0" skipped="0" failures="0">
  <properties>
[...]
</properties>
  <testcase name="reportsSelfFriendshipsAndReversedDuplicateFriendships" classname="persistence.NetworkFileValidationTest" time="0.052"/>
  <testcase name="acceptsForwardReferencesBlankLinesAndUtf8ByteOrderMark" classname="persistence.NetworkFileValidationTest" time="0.005"/>
  <testcase name="reportsUnknownRecordTypesAndMissingRecordTypes" classname="persistence.NetworkFileValidationTest" time="0.003"/>
  <testcase name="reportsBothUnknownFriendEndpoints" classname="persistence.NetworkFileValidationTest" time="0.003"/>
  <testcase name="reportsUserAndFriendErrorsTogetherWithTheirRecordTypes" classname="persistence.NetworkFileValidationTest" time="0.003"/>
  <testcase name="rejectsEmptyFilesAndMissingFilesWithClearMessages" classname="persistence.NetworkFileValidationTest" time="0.003"/>
  <testcase name="rejectsEmptyFilePaths" classname="persistence.NetworkFileValidationTest" time="0.001"/>
  <testcase name="reportsExactFieldCountsAndExpectedFormats" classname="persistence.NetworkFileValidationTest" time="0.002"/>
</testsuite>